Mode 000 : 100/100 passed
Mode 001 : 0/100 passed
Mode 010 : 100/100 passed
Mode 011 : 100/100 passed
Mode 100 : 100/100 passed
Mode 101 : 100/100 passed
Mode 110 : 100/100 passed
============================================
Total tests : 700
Pass        : 600
Fail        : 100
--------------------------------------------
Mode 001 case #0
 IN1 = 0x00007acd
 IN2 = 0x0000fac9
 IN3 = 0x000000000000000000000000c93c47ce
 Exp = 0x000000000000000000000000cf389f98
 Act = 0x000000000000000000000000cf3893d4
--------------------------------------------
Mode 001 case #1
 IN1 = 0x0000fbc7
 IN2 = 0x0000f93c
 IN3 = 0x000000000000000000000000c953f369
 Exp = 0x0000000000000000000000004f22c951
 Act = 0x0000000000000000000000004f22d655
--------------------------------------------
Mode 001 case #2
 IN1 = 0x0000fb75
 IN2 = 0x0000fbd6
 IN3 = 0x000000000000000000000000c91af762
 Exp = 0x0000000000000000000000004f69b189
 Act = 0x0000000000000000000000004f69bac2
--------------------------------------------
Mode 001 case #3
 IN1 = 0x000079ab
 IN2 = 0x0000fada
 IN3 = 0x00000000000000000000000049270b49
 Exp = 0x000000000000000000000000cf1b4c07
 Act = 0x000000000000000000000000cf1b5678
--------------------------------------------
Mode 001 case #4
 IN1 = 0x0000f56c
 IN2 = 0x00007710
 IN3 = 0x000000000000000000000000483b811c
 Exp = 0x000000000000000000000000ce191f48
 Act = 0x000000000000000000000000ce192b00
--------------------------------------------
Mode 001 case #5
 IN1 = 0x0000f012
 IN2 = 0x00007b4b
 IN3 = 0x000000000000000000000000c8951c3f
 Exp = 0x000000000000000000000000cded9f77
 Act = 0x000000000000000000000000cded7a30
--------------------------------------------
Mode 001 case #6
 IN1 = 0x0000f023
 IN2 = 0x0000732f
 IN3 = 0x000000000000000000000000c9551bfd
 Exp = 0x000000000000000000000000ccef65a0
 Act = 0x000000000000000000000000ccedbb68
--------------------------------------------
Mode 001 case #7
 IN1 = 0x00006590
 IN2 = 0x00007b1e
 IN3 = 0x0000000000000000000000004885e26e
 Exp = 0x0000000000000000000000004c9ee162
 Act = 0x0000000000000000000000004c9e5b19
--------------------------------------------
Mode 001 case #8
 IN1 = 0x000078e7
 IN2 = 0x0000fb71
 IN3 = 0x000000000000000000000000c96371b1
 Exp = 0x000000000000000000000000cf11fa13
 Act = 0x000000000000000000000000cf11ebae
--------------------------------------------
Mode 001 case #9
 IN1 = 0x00007974
 IN2 = 0x0000f98b
 IN3 = 0x000000000000000000000000490a3035
 Exp = 0x000000000000000000000000cef1be9a
 Act = 0x000000000000000000000000cef1cfe0
--------------------------------------------
Mode 001 case #10
 IN1 = 0x0000e355
 IN2 = 0x0000f3ed
 IN3 = 0x000000000000000000000000494e11b9
 Exp = 0x0000000000000000000000004b7553e0
 Act = 0x0000000000000000000000004b6872c4
--------------------------------------------
Mode 001 case #11
 IN1 = 0x0000f700
 IN2 = 0x00007945
 IN3 = 0x000000000000000000000000c93f4580
 Exp = 0x000000000000000000000000ce93a3e9
 Act = 0x000000000000000000000000ce938c00
--------------------------------------------
Mode 001 case #12
 IN1 = 0x0000e422
 IN2 = 0x000072ff
 IN3 = 0x000000000000000000000000c921189a
 Exp = 0x000000000000000000000000cb71607a
 Act = 0x000000000000000000000000cb674ef0
--------------------------------------------
Mode 001 case #13
 IN1 = 0x000076a3
 IN2 = 0x00007af6
 IN3 = 0x000000000000000000000000491b5b50
 Exp = 0x0000000000000000000000004eb8ddf3
 Act = 0x0000000000000000000000004eb8ca8a
--------------------------------------------
Mode 001 case #14
 IN1 = 0x0000f798
 IN2 = 0x0000f15c
 IN3 = 0x000000000000000000000000c9400a05
 Exp = 0x0000000000000000000000004da26a7b
 Act = 0x0000000000000000000000004da2ca80
--------------------------------------------
Mode 001 case #15
 IN1 = 0x00006c40
 IN2 = 0x00007a09
 IN3 = 0x00000000000000000000000047c48bbd
 Exp = 0x0000000000000000000000004d4d4a91
 Act = 0x0000000000000000000000004d4d3200
--------------------------------------------
Mode 001 case #16
 IN1 = 0x0000faa9
 IN2 = 0x0000fa9f
 IN3 = 0x000000000000000000000000c709e76a
 Exp = 0x0000000000000000000000004f306352
 Act = 0x0000000000000000000000004f3063d5
--------------------------------------------
Mode 001 case #17
 IN1 = 0x0000f87d
 IN2 = 0x00007882
 IN3 = 0x000000000000000000000000c957cc94
 Exp = 0x000000000000000000000000cea1f6ca
 Act = 0x000000000000000000000000cea1dbd0
--------------------------------------------
Mode 001 case #18
 IN1 = 0x0000f934
 IN2 = 0x00007a49
 IN3 = 0x000000000000000000000000485cd755
 Exp = 0x000000000000000000000000cf02cbdd
 Act = 0x000000000000000000000000cf02cf50
--------------------------------------------
Mode 001 case #19
 IN1 = 0x0000f830
 IN2 = 0x0000ea4c
 IN3 = 0x00000000000000000000000049542cd5
 Exp = 0x0000000000000000000000004cd49a5a
 Act = 0x0000000000000000000000004cd2f200
--------------------------------------------
Mode 001 case #20
 IN1 = 0x0000f537
 IN2 = 0x00007658
 IN3 = 0x00000000000000000000000049477c95
 Exp = 0x000000000000000000000000ce0421c1
 Act = 0x0000000000000000000000007fc00000
--------------------------------------------
Mode 001 case #21
 IN1 = 0x0000f6b5
 IN2 = 0x0000f929
 IN3 = 0x00000000000000000000000047f985b4
 Exp = 0x0000000000000000000000004e8a73da
 Act = 0x0000000000000000000000004e8a6ff4
--------------------------------------------
Mode 001 case #22
 IN1 = 0x000076af
 IN2 = 0x00007780
 IN3 = 0x000000000000000000000000c91276de
 Exp = 0x0000000000000000000000004e485d62
 Act = 0x0000000000000000000000004e4883b8
--------------------------------------------
Mode 001 case #23
 IN1 = 0x0000f96b
 IN2 = 0x0000f702
 IN3 = 0x000000000000000000000000494967d8
 Exp = 0x0000000000000000000000004e97f885
 Act = 0x0000000000000000000000004e97df68
--------------------------------------------
Mode 001 case #24
 IN1 = 0x0000f608
 IN2 = 0x0000773a
 IN3 = 0x000000000000000000000000c94284bb
 Exp = 0x000000000000000000000000ce2e87e1
 Act = 0x000000000000000000000000ce2e5740
--------------------------------------------
Mode 001 case #25
 IN1 = 0x0000f9e5
 IN2 = 0x00007af8
 IN3 = 0x000000000000000000000000492cb4d7
 Exp = 0x000000000000000000000000cf244495
 Act = 0x000000000000000000000000cf244f60
--------------------------------------------
Mode 001 case #26
 IN1 = 0x0000eee3
 IN2 = 0x0000f270
 IN3 = 0x000000000000000000000000495eb7bb
 Exp = 0x0000000000000000000000004cb312af
 Act = 0x0000000000000000000000004cb15540
--------------------------------------------
Mode 001 case #27
 IN1 = 0x0000777a
 IN2 = 0x00007859
 IN3 = 0x000000000000000000000000c8ca7492
 Exp = 0x0000000000000000000000004e81f901
 Act = 0x0000000000000000000000004e82063a
--------------------------------------------
Mode 001 case #28
 IN1 = 0x0000ec7a
 IN2 = 0x0000f8f2
 IN3 = 0x00000000000000000000000049273ec9
 Exp = 0x0000000000000000000000004d31c1df
 Act = 0x0000000000000000000000004d311aa0
--------------------------------------------
Mode 001 case #29
 IN1 = 0x00007a3e
 IN2 = 0x0000f96c
 IN3 = 0x000000000000000000000000c8a6c9d5
 Exp = 0x000000000000000000000000cf0765d6
 Act = 0x000000000000000000000000cf0760a0
--------------------------------------------
Mode 001 case #30
 IN1 = 0x0000f7d5
 IN2 = 0x0000f6f6
 IN3 = 0x000000000000000000000000482a1349
 Exp = 0x0000000000000000000000004e5a1d59
 Act = 0x0000000000000000000000004e5a12b8
--------------------------------------------
Mode 001 case #31
 IN1 = 0x000072be
 IN2 = 0x000077d3
 IN3 = 0x000000000000000000000000493ee97a
 Exp = 0x0000000000000000000000004dd361dd
 Act = 0x0000000000000000000000004dd30210
--------------------------------------------
Mode 001 case #32
 IN1 = 0x0000f348
 IN2 = 0x0000f8cf
 IN3 = 0x000000000000000000000000c95a3e83
 Exp = 0x0000000000000000000000004e0bd650
 Act = 0x0000000000000000000000004e0c0ce0
--------------------------------------------
Mode 001 case #33
 IN1 = 0x00007556
 IN2 = 0x0000f636
 IN3 = 0x000000000000000000000000c95ccc0b
 Exp = 0x000000000000000000000000ce04c7c3
 Act = 0x000000000000000000000000ce049090
--------------------------------------------
Mode 001 case #34
 IN1 = 0x00006db2
 IN2 = 0x0000eebe
 IN3 = 0x000000000000000000000000c925b158
 Exp = 0x000000000000000000000000cc1c2f35
 Act = 0x000000000000000000000000cc199870
--------------------------------------------
Mode 001 case #35
 IN1 = 0x0000fbdf
 IN2 = 0x0000f4b1
 IN3 = 0x000000000000000000000000c9273b8d
 Exp = 0x0000000000000000000000004e939fd5
 Act = 0x0000000000000000000000004e93b4bc
--------------------------------------------
Mode 001 case #36
 IN1 = 0x0000f4c4
 IN2 = 0x00007702
 IN3 = 0x000000000000000000000000c764b1f2
 Exp = 0x000000000000000000000000ce0599b3
 Act = 0x000000000000000000000000ce059620
--------------------------------------------
Mode 001 case #37
 IN1 = 0x0000faec
 IN2 = 0x0000f91c
 IN3 = 0x000000000000000000000000c8a3b1d0
 Exp = 0x0000000000000000000000004f0d7222
 Act = 0x0000000000000000000000004f0d7740
--------------------------------------------
Mode 001 case #38
 IN1 = 0x00007526
 IN2 = 0x0000f6f5
 IN3 = 0x000000000000000000000000c8a46b76
 Exp = 0x000000000000000000000000ce0f5a05
 Act = 0x000000000000000000000000ce0f453c
--------------------------------------------
Mode 001 case #39
 IN1 = 0x0000ef6b
 IN2 = 0x00007916
 IN3 = 0x000000000000000000000000c9543fc6
 Exp = 0x000000000000000000000000cd9752e8
 Act = 0x000000000000000000000000cd96e8c8
--------------------------------------------
Mode 001 case #40
 IN1 = 0x00007950
 IN2 = 0x000076ef
 IN3 = 0x000000000000000000000000c496065f
 Exp = 0x0000000000000000000000004e9356b7
 Act = 0x0000000000000000000000004e9356c0
--------------------------------------------
Mode 001 case #41
 IN1 = 0x00007513
 IN2 = 0x000075bc
 IN3 = 0x00000000000000000000000048872dec
 Exp = 0x0000000000000000000000004de8e96b
 Act = 0x0000000000000000000000004de8c7a0
--------------------------------------------
Mode 001 case #42
 IN1 = 0x0000f804
 IN2 = 0x00007449
 IN3 = 0x00000000000000000000000047ad25e3
 Exp = 0x000000000000000000000000ce09a3b7
 Act = 0x000000000000000000000000ce09a920
--------------------------------------------
Mode 001 case #43
 IN1 = 0x000062d8
 IN2 = 0x00007b83
 IN3 = 0x000000000000000000000000c8c05a79
 Exp = 0x0000000000000000000000004c4c216b
 Act = 0x0000000000000000000000004c4da254
--------------------------------------------
Mode 001 case #44
 IN1 = 0x0000eba2
 IN2 = 0x0000faf7
 IN3 = 0x000000000000000000000000490ab194
 Exp = 0x0000000000000000000000004d552fea
 Act = 0x0000000000000000000000004d54a538
--------------------------------------------
Mode 001 case #45
 IN1 = 0x0000f709
 IN2 = 0x0000f288
 IN3 = 0x00000000000000000000000048626307
 Exp = 0x0000000000000000000000004db7e76c
 Act = 0x0000000000000000000000004db7cb3c
--------------------------------------------
Mode 001 case #46
 IN1 = 0x0000f4c1
 IN2 = 0x0000f23d
 IN3 = 0x00000000000000000000000047243634
 Exp = 0x0000000000000000000000004d6d4a2b
 Act = 0x0000000000000000000000004d6d3fe8
--------------------------------------------
Mode 001 case #47
 IN1 = 0x0000f8ca
 IN2 = 0x0000782a
 IN3 = 0x000000000000000000000000c8aaaf95
 Exp = 0x000000000000000000000000ce9f93cb
 Act = 0x000000000000000000000000ce9f8920
--------------------------------------------
Mode 001 case #48
 IN1 = 0x0000f480
 IN2 = 0x0000f6a5
 IN3 = 0x000000000000000000000000484b850c
 Exp = 0x0000000000000000000000004def4d71
 Act = 0x0000000000000000000000004def3400
--------------------------------------------
Mode 001 case #49
 IN1 = 0x000079b6
 IN2 = 0x00007956
 IN3 = 0x000000000000000000000000c93005f2
 Exp = 0x0000000000000000000000004ef3b31f
 Act = 0x0000000000000000000000004ef3c920
--------------------------------------------
Mode 001 case #50
 IN1 = 0x0000f4b1
 IN2 = 0x000077a4
 IN3 = 0x000000000000000000000000c95863fa
 Exp = 0x000000000000000000000000ce0f97a9
 Act = 0x000000000000000000000000ce0f6180
--------------------------------------------
Mode 001 case #51
 IN1 = 0x0000fb47
 IN2 = 0x000076a5
 IN3 = 0x000000000000000000000000c8403ce7
 Exp = 0x000000000000000000000000cec1710e
 Act = 0x000000000000000000000000cec16b0c
--------------------------------------------
Mode 001 case #52
 IN1 = 0x0000759a
 IN2 = 0x0000781f
 IN3 = 0x000000000000000000000000c8ba57ca
 Exp = 0x0000000000000000000000004e3895e5
 Act = 0x0000000000000000000000004e38ad32
--------------------------------------------
Mode 001 case #53
 IN1 = 0x0000efdd
 IN2 = 0x0000f0c2
 IN3 = 0x000000000000000000000000c9717e53
 Exp = 0x0000000000000000000000004c93c2eb
 Act = 0x0000000000000000000000007fc00000
--------------------------------------------
Mode 001 case #54
 IN1 = 0x0000f621
 IN2 = 0x0000782e
 IN3 = 0x0000000000000000000000004826f49d
 Exp = 0x000000000000000000000000ce4ce501
 Act = 0x000000000000000000000000ce4cf097
--------------------------------------------
Mode 001 case #55
 IN1 = 0x0000f92e
 IN2 = 0x0000eded
 IN3 = 0x000000000000000000000000c973c582
 Exp = 0x0000000000000000000000004d7498ea
 Act = 0x0000000000000000000000004d758cb0
--------------------------------------------
Mode 001 case #56
 IN1 = 0x0000fb7b
 IN2 = 0x0000f9fc
 IN3 = 0x000000000000000000000000c8e261ac
 Exp = 0x0000000000000000000000004f33093d
 Act = 0x0000000000000000000000004f331053
--------------------------------------------
Mode 001 case #57
 IN1 = 0x00007999
 IN2 = 0x00006d55
 IN3 = 0x000000000000000000000000496f23d0
 Exp = 0x0000000000000000000000004d6fb58c
 Act = 0x0000000000000000000000004d6ec668
--------------------------------------------
Mode 001 case #58
 IN1 = 0x0000f7da
 IN2 = 0x0000f75c
 IN3 = 0x000000000000000000000000c925733f
 Exp = 0x0000000000000000000000004e66f803
 Act = 0x0000000000000000000000004e672248
--------------------------------------------
Mode 001 case #59
 IN1 = 0x00007b1f
 IN2 = 0x0000e137
 IN3 = 0x000000000000000000000000c8c77c43
 Exp = 0x000000000000000000000000cc16199d
 Act = 0x0000000000000000000000007fc00000
--------------------------------------------
Mode 001 case #60
 IN1 = 0x0000f4a1
 IN2 = 0x00007a6d
 IN3 = 0x000000000000000000000000c7730c65
 Exp = 0x000000000000000000000000ce6df834
 Act = 0x000000000000000000000000ce6df468
--------------------------------------------
Mode 001 case #61
 IN1 = 0x000073ae
 IN2 = 0x000078e2
 IN3 = 0x00000000000000000000000049021e75
 Exp = 0x0000000000000000000000004e161ef8
 Act = 0x0000000000000000000000004e15fe70
--------------------------------------------
Mode 001 case #62
 IN1 = 0x0000f907
 IN2 = 0x0000f85d
 IN3 = 0x000000000000000000000000c8ce8836
 Exp = 0x0000000000000000000000004eaf6f6f
 Act = 0x0000000000000000000000004eaf7c58
--------------------------------------------
Mode 001 case #63
 IN1 = 0x0000f678
 IN2 = 0x0000fba4
 IN3 = 0x000000000000000000000000c96c8817
 Exp = 0x0000000000000000000000004ec595ef
 Act = 0x0000000000000000000000004ec5b380
--------------------------------------------
Mode 001 case #64
 IN1 = 0x00007891
 IN2 = 0x0000759c
 IN3 = 0x00000000000000000000000048056050
 Exp = 0x0000000000000000000000004e4cf336
 Act = 0x0000000000000000000000004e4ceae9
--------------------------------------------
Mode 001 case #65
 IN1 = 0x00007b5b
 IN2 = 0x0000f914
 IN3 = 0x000000000000000000000000c8e43e99
 Exp = 0x000000000000000000000000cf156f92
 Act = 0x000000000000000000000000cf156870
--------------------------------------------
Mode 001 case #66
 IN1 = 0x00007a4e
 IN2 = 0x0000f9c1
 IN3 = 0x000000000000000000000000483bdfd3
 Exp = 0x000000000000000000000000cf111849
 Act = 0x000000000000000000000000cf111b3a
--------------------------------------------
Mode 001 case #67
 IN1 = 0x0000fa23
 IN2 = 0x00007515
 IN3 = 0x000000000000000000000000c909cea7
 Exp = 0x000000000000000000000000ce79a16c
 Act = 0x000000000000000000000000ce797ef8
--------------------------------------------
Mode 001 case #68
 IN1 = 0x0000745e
 IN2 = 0x00007862
 IN3 = 0x000000000000000000000000c91184ac
 Exp = 0x0000000000000000000000004e18fb7f
 Act = 0x0000000000000000000000004e191fe0
--------------------------------------------
Mode 001 case #69
 IN1 = 0x000075d5
 IN2 = 0x00007a8e
 IN3 = 0x0000000000000000000000004970dddd
 Exp = 0x0000000000000000000000004e9906b4
 Act = 0x0000000000000000000000004e98e895
--------------------------------------------
Mode 001 case #70
 IN1 = 0x0000fb3c
 IN2 = 0x00007444
 IN3 = 0x00000000000000000000000046f1172e
 Exp = 0x000000000000000000000000ce76dd9e
 Act = 0x000000000000000000000000ce76df80
--------------------------------------------
Mode 001 case #71
 IN1 = 0x000079a0
 IN2 = 0x0000fa4a
 IN3 = 0x0000000000000000000000004917a269
 Exp = 0x000000000000000000000000cf0d7786
 Act = 0x000000000000000000000000cf0d8100
--------------------------------------------
Mode 001 case #72
 IN1 = 0x0000fad2
 IN2 = 0x0000f484
 IN3 = 0x000000000000000000000000c84bee9f
 Exp = 0x0000000000000000000000004e765581
 Act = 0x0000000000000000000000004e7661d6
--------------------------------------------
Mode 001 case #73
 IN1 = 0x0000fa6f
 IN2 = 0x0000f5c5
 IN3 = 0x000000000000000000000000c92b2747
 Exp = 0x0000000000000000000000004e946447
 Act = 0x0000000000000000000000004e9479ac
--------------------------------------------
Mode 001 case #74
 IN1 = 0x0000ef87
 IN2 = 0x000078cc
 IN3 = 0x000000000000000000000000c7a7ee81
 Exp = 0x000000000000000000000000cd9078cf
 Act = 0x000000000000000000000000cd906f20
--------------------------------------------
Mode 001 case #75
 IN1 = 0x00007b95
 IN2 = 0x0000f8dd
 IN3 = 0x000000000000000000000000c923869c
 Exp = 0x000000000000000000000000cf1388bc
 Act = 0x000000000000000000000000cf137e84
--------------------------------------------
Mode 001 case #76
 IN1 = 0x000079c0
 IN2 = 0x0000732f
 IN3 = 0x00000000000000000000000047a5197a
 Exp = 0x0000000000000000000000004e253e29
 Act = 0x0000000000000000000000004e253900
--------------------------------------------
Mode 001 case #77
 IN1 = 0x00007997
 IN2 = 0x0000fb41
 IN3 = 0x00000000000000000000000046bc7eba
 Exp = 0x000000000000000000000000cf2230fe
 Act = 0x0000000000000000000000007fc00000
--------------------------------------------
Mode 001 case #78
 IN1 = 0x000073ab
 IN2 = 0x00006f7b
 IN3 = 0x000000000000000000000000c938956a
 Exp = 0x0000000000000000000000004ce3ff79
 Act = 0x0000000000000000000000004ce570a4
--------------------------------------------
Mode 001 case #79
 IN1 = 0x0000f899
 IN2 = 0x00007630
 IN3 = 0x000000000000000000000000494d3c60
 Exp = 0x000000000000000000000000ce636231
 Act = 0x000000000000000000000000ce639580
--------------------------------------------
Mode 001 case #80
 IN1 = 0x00007a5a
 IN2 = 0x00007ae4
 IN3 = 0x00000000000000000000000049701e79
 Exp = 0x0000000000000000000000004f2f1fa2
 Act = 0x0000000000000000000000004f2f10a0
--------------------------------------------
Mode 001 case #81
 IN1 = 0x00007498
 IN2 = 0x0000fa14
 IN3 = 0x00000000000000000000000048d76613
 Exp = 0x000000000000000000000000ce5f4413
 Act = 0x000000000000000000000000ce5f5ee8
--------------------------------------------
Mode 001 case #82
 IN1 = 0x00007ae9
 IN2 = 0x000078c7
 IN3 = 0x000000000000000000000000c9034ce9
 Exp = 0x0000000000000000000000004f040447
 Act = 0x0000000000000000000000004f040c7c
--------------------------------------------
Mode 001 case #83
 IN1 = 0x0000fb55
 IN2 = 0x0000fa9c
 IN3 = 0x000000000000000000000000c7c8a15a
 Exp = 0x0000000000000000000000004f41d59f
 Act = 0x0000000000000000000000004f41d730
--------------------------------------------
Mode 001 case #84
 IN1 = 0x000071e8
 IN2 = 0x00007b3c
 IN3 = 0x000000000000000000000000c910cb18
 Exp = 0x0000000000000000000000004e2ac54d
 Act = 0x0000000000000000000000004e2ae980
--------------------------------------------
Mode 001 case #85
 IN1 = 0x0000fbe9
 IN2 = 0x00007a18
 IN3 = 0x000000000000000000000000c944aab3
 Exp = 0x000000000000000000000000cf40dbab
 Act = 0x000000000000000000000000cf40cf60
--------------------------------------------
Mode 001 case #86
 IN1 = 0x0000e9b3
 IN2 = 0x0000698c
 IN3 = 0x0000000000000000000000004939fb2d
 Exp = 0x000000000000000000000000cae5a7ba
 Act = 0x000000000000000000000000cafeb260
--------------------------------------------
Mode 001 case #87
 IN1 = 0x0000fa3b
 IN2 = 0x0000f76a
 IN3 = 0x000000000000000000000000c8d9eee9
 Exp = 0x0000000000000000000000004eb8b819
 Act = 0x0000000000000000000000004eb8c581
--------------------------------------------
Mode 001 case #88
 IN1 = 0x00007b79
 IN2 = 0x00006919
 IN3 = 0x000000000000000000000000495b6096
 Exp = 0x0000000000000000000000004d193aa5
 Act = 0x0000000000000000000000004d185f69
--------------------------------------------
Mode 001 case #89
 IN1 = 0x0000fa68
 IN2 = 0x0000f677
 IN3 = 0x00000000000000000000000049303b5c
 Exp = 0x0000000000000000000000004ea5bf67
 Act = 0x0000000000000000000000004ea5a960
--------------------------------------------
Mode 001 case #90
 IN1 = 0x0000fbaa
 IN2 = 0x000067d9
 IN3 = 0x000000000000000000000000c93a5fff
 Exp = 0x000000000000000000000000ccf20928
 Act = 0x000000000000000000000000ccf09428
--------------------------------------------
Mode 001 case #91
 IN1 = 0x0000f13f
 IN2 = 0x00006c97
 IN3 = 0x000000000000000000000000c917da78
 Exp = 0x000000000000000000000000cc4300b2
 Act = 0x000000000000000000000000cc40a17c
--------------------------------------------
Mode 001 case #92
 IN1 = 0x0000660b
 IN2 = 0x000076b8
 IN3 = 0x0000000000000000000000004908fb69
 Exp = 0x0000000000000000000000004c248b8e
 Act = 0x0000000000000000000000004c222c58
--------------------------------------------
Mode 001 case #93
 IN1 = 0x00007ba2
 IN2 = 0x00007a4a
 IN3 = 0x00000000000000000000000048009ca7
 Exp = 0x0000000000000000000000004f400552
 Act = 0x0000000000000000000000004f400350
--------------------------------------------
Mode 001 case #94
 IN1 = 0x0000fbe7
 IN2 = 0x0000f934
 IN3 = 0x000000000000000000000000491e6a2c
 Exp = 0x0000000000000000000000004f248197
 Act = 0x0000000000000000000000004f2477bc
--------------------------------------------
Mode 001 case #95
 IN1 = 0x00006d3a
 IN2 = 0x0000fa81
 IN3 = 0x000000000000000000000000492ca32f
 Exp = 0x000000000000000000000000cd87a296
 Act = 0x000000000000000000000000cd87f8e8
--------------------------------------------
Mode 001 case #96
 IN1 = 0x0000f8fc
 IN2 = 0x00007bcb
 IN3 = 0x00000000000000000000000049645c6e
 Exp = 0x000000000000000000000000cf1b510a
 Act = 0x000000000000000000000000cf1b5f4f
--------------------------------------------
Mode 001 case #97
 IN1 = 0x00007871
 IN2 = 0x00007be5
 IN3 = 0x000000000000000000000000c971c46b
 Exp = 0x0000000000000000000000004f0c3138
 Act = 0x0000000000000000000000004f0c4054
--------------------------------------------
Mode 001 case #98
 IN1 = 0x000078d7
 IN2 = 0x00006fb8
 IN3 = 0x00000000000000000000000048d9d3d0
 Exp = 0x0000000000000000000000004d95a495
 Act = 0x0000000000000000000000004d956e1e
--------------------------------------------
Mode 001 case #99
 IN1 = 0x0000f9f1
 IN2 = 0x0000f507
 IN3 = 0x00000000000000000000000049228b6d
 Exp = 0x0000000000000000000000004e6f1d5b
 Act = 0x0000000000000000000000004e6ef4b8
============================================
